{
  "RSpec": {
    "coverage": {
      "/Users/student/Projects/week10/bank_tech_test/spec/account_spec.rb": {
        "lines": [
          1,
          null,
          1,
          8,
          null,
          1,
          1,
          null,
          null,
          1,
          4,
          null,
          null,
          1,
          1,
          1,
          4,
          null,
          null,
          1,
          2,
          null,
          null,
          null,
          2,
          2,
          null,
          1,
          1,
          1,
          null,
          null,
          1,
          1,
          1,
          null,
          null,
          1,
          1,
          1,
          1,
          null,
          null,
          null
        ]
      },
      "/Users/student/Projects/week10/bank_tech_test/lib/account.rb": {
        "lines": [
          1,
          null,
          1,
          1,
          null,
          1,
          7,
          7,
          null,
          null,
          1,
          4,
          4,
          null,
          null,
          1,
          3,
          null,
          2,
          2,
          null,
          null,
          1,
          null,
          1,
          6,
          6,
          null,
          null,
          null,
          null,
          null,
          null,
          null
        ]
      },
      "/Users/student/Projects/week10/bank_tech_test/lib/transaction.rb": {
        "lines": [
          1,
          null,
          1,
          1,
          null,
          1,
          8,
          8,
          8,
          8,
          null,
          null
        ]
      },
      "/Users/student/Projects/week10/bank_tech_test/spec/statement_spec.rb": {
        "lines": [
          1,
          null,
          1,
          3,
          2,
          4,
          4,
          null,
          1,
          1,
          null,
          null,
          1,
          1,
          1,
          2,
          1,
          null,
          null,
          1,
          1,
          1,
          2,
          1,
          null,
          null,
          null
        ]
      },
      "/Users/student/Projects/week10/bank_tech_test/lib/statement.rb": {
        "lines": [
          1,
          1,
          null,
          1,
          3,
          null,
          null,
          1,
          3,
          null,
          null,
          1,
          2,
          2,
          null,
          null,
          1,
          null,
          1,
          2,
          3,
          1,
          2,
          2,
          null,
          null,
          null,
          null
        ]
      },
      "/Users/student/Projects/week10/bank_tech_test/spec/transaction_spec.rb": {
        "lines": [
          1,
          null,
          1,
          3,
          null,
          1,
          1,
          1,
          1,
          1,
          1,
          1,
          null,
          null,
          1,
          1,
          1,
          1,
          1,
          1,
          null,
          null,
          null
        ]
      }
    },
    "timestamp": 1595174495
  }
}
