{
  "RSpec": {
    "coverage": {
      "/Users/student/Projects/week10/bank_tech_test/spec/account_spec.rb": {
        "lines": [
          1,
          null,
          1,
          1,
          6,
          null,
          null,
          1,
          1,
          null,
          null,
          1,
          1,
          1,
          null,
          null,
          1,
          1,
          1,
          1,
          1,
          null,
          null,
          1,
          2,
          null,
          null,
          null,
          1,
          2,
          null,
          1,
          1,
          null,
          null,
          1,
          1,
          1,
          null,
          null,
          null
        ]
      },
      "/Users/student/Projects/week10/bank_tech_test/lib/account.rb": {
        "lines": [
          1,
          1,
          null,
          1,
          6,
          6,
          null,
          null,
          1,
          5,
          null,
          null,
          1,
          3,
          3,
          null,
          null,
          1,
          2,
          null,
          1,
          null,
          null
        ]
      }
    },
    "timestamp": 1592301997
  }
}
